container(0xc0003b2340): after bind key(hade:app), Providers = [hade:app]
gin.Engine Bind() container(0xc0003b2340) provider(&{<nil> <nil>})
container(0xc0003b2340): after bind key(demo), Providers = [hade:app demo]
container(0xc0003b2340): after bind key(hade:kernel), Providers = [demo hade:kernel hade:app]
container(0xc0003b2340): make key(hade:app), Providers = [hade:app demo hade:kernel]
daemon started
panic: runtime error: invalid memory address or nil pointer dereference
[signal SIGSEGV: segmentation violation code=0x1 addr=0x68 pc=0x41c9d0d]

goroutine 1 [running]:
github.com/robfig/cron/v3.(*Cron).Run(0x0)
	/Users/mingzhe8/go/pkg/mod/github.com/robfig/cron/v3@v3.0.0/cron.go:222 +0x2d
go-examples/course/handwriting-web-inf/code_14/framework/command.glob..func4(0x4c20b00, 0xc00038f350, 0x0, 0x1, 0x0, 0x0)
	/Users/mingzhe8/Documents/innovation/go_proj_exercise/vincent/go-forward/course/handwriting-web-inf/code_14/framework/command/cron.go:97 +0x577
go-examples/course/handwriting-web-inf/code_14/framework/cobra.(*Command).execute(0x4c20b00, 0xc00038f330, 0x1, 0x1, 0x4c20b00, 0xc00038f330)
	/Users/mingzhe8/Documents/innovation/go_proj_exercise/vincent/go-forward/course/handwriting-web-inf/code_14/framework/cobra/command.go:867 +0x47c
go-examples/course/handwriting-web-inf/code_14/framework/cobra.(*Command).ExecuteC(0xc000389080, 0xc000389080, 0xc0003b89c0, 0xc0003b2360)
	/Users/mingzhe8/Documents/innovation/go_proj_exercise/vincent/go-forward/course/handwriting-web-inf/code_14/framework/cobra/command.go:985 +0x375
go-examples/course/handwriting-web-inf/code_14/framework/cobra.(*Command).Execute(...)
	/Users/mingzhe8/Documents/innovation/go_proj_exercise/vincent/go-forward/course/handwriting-web-inf/code_14/framework/cobra/command.go:913
go-examples/course/handwriting-web-inf/code_14/app/console.RunCommand(0x484f0c0, 0xc0003b2340, 0xc0000b6b98, 0x0)
	/Users/mingzhe8/Documents/innovation/go_proj_exercise/vincent/go-forward/course/handwriting-web-inf/code_14/app/console/kernel.go:46 +0xd3
main.main()
	/Users/mingzhe8/Documents/innovation/go_proj_exercise/vincent/go-forward/course/handwriting-web-inf/code_14/main.go:38 +0x14c
container(0xc000408680): after bind key(hade:app), Providers = [hade:app]
gin.Engine Bind() container(0xc000408680) provider(&{<nil> <nil>})
container(0xc000408680): after bind key(demo), Providers = [demo hade:app]
container(0xc000408680): after bind key(hade:kernel), Providers = [hade:app demo hade:kernel]
2021/10/31 17:42:32 after root.Cron.AddFunc: entryID(1), err=%!s(<nil>)
container(0xc000408680): make key(hade:app), Providers = [hade:app demo hade:kernel]
daemon started
2021/10/31 17:42:33 &{<nil> map[demo:0xc00039e060 hade:app:0xc000406730 hade:kernel:0xc0000a4028] map[demo:0xc00009e080 hade:app:0xc00040ac20 hade:kernel:0xc0000a4030] {{0 0} 0 0 0 0}}
2021/10/31 17:42:34 &{<nil> map[demo:0xc00039e060 hade:app:0xc000406730 hade:kernel:0xc0000a4028] map[demo:0xc00009e080 hade:app:0xc00040ac20 hade:kernel:0xc0000a4030] {{0 0} 0 0 0 0}}
2021/10/31 17:42:35 &{<nil> map[demo:0xc00039e060 hade:app:0xc000406730 hade:kernel:0xc0000a4028] map[demo:0xc00009e080 hade:app:0xc00040ac20 hade:kernel:0xc0000a4030] {{0 0} 0 0 0 0}}
2021/10/31 17:42:36 &{<nil> map[demo:0xc00039e060 hade:app:0xc000406730 hade:kernel:0xc0000a4028] map[demo:0xc00009e080 hade:app:0xc00040ac20 hade:kernel:0xc0000a4030] {{0 0} 0 0 0 0}}
2021/10/31 17:42:37 &{<nil> map[demo:0xc00039e060 hade:app:0xc000406730 hade:kernel:0xc0000a4028] map[demo:0xc00009e080 hade:app:0xc00040ac20 hade:kernel:0xc0000a4030] {{0 0} 0 0 0 0}}
2021/10/31 17:42:38 &{<nil> map[demo:0xc00039e060 hade:app:0xc000406730 hade:kernel:0xc0000a4028] map[demo:0xc00009e080 hade:app:0xc00040ac20 hade:kernel:0xc0000a4030] {{0 0} 0 0 0 0}}
2021/10/31 17:42:39 &{<nil> map[demo:0xc00039e060 hade:app:0xc000406730 hade:kernel:0xc0000a4028] map[demo:0xc00009e080 hade:app:0xc00040ac20 hade:kernel:0xc0000a4030] {{0 0} 0 0 0 0}}
2021/10/31 17:42:40 &{<nil> map[demo:0xc00039e060 hade:app:0xc000406730 hade:kernel:0xc0000a4028] map[demo:0xc00009e080 hade:app:0xc00040ac20 hade:kernel:0xc0000a4030] {{0 0} 0 0 0 0}}
2021/10/31 17:42:41 &{<nil> map[demo:0xc00039e060 hade:app:0xc000406730 hade:kernel:0xc0000a4028] map[demo:0xc00009e080 hade:app:0xc00040ac20 hade:kernel:0xc0000a4030] {{0 0} 0 0 0 0}}
2021/10/31 17:42:42 &{<nil> map[demo:0xc00039e060 hade:app:0xc000406730 hade:kernel:0xc0000a4028] map[demo:0xc00009e080 hade:app:0xc00040ac20 hade:kernel:0xc0000a4030] {{0 0} 0 0 0 0}}
2021/10/31 17:42:43 &{<nil> map[demo:0xc00039e060 hade:app:0xc000406730 hade:kernel:0xc0000a4028] map[demo:0xc00009e080 hade:app:0xc00040ac20 hade:kernel:0xc0000a4030] {{0 0} 0 0 0 0}}
2021/10/31 17:42:44 &{<nil> map[demo:0xc00039e060 hade:app:0xc000406730 hade:kernel:0xc0000a4028] map[demo:0xc00009e080 hade:app:0xc00040ac20 hade:kernel:0xc0000a4030] {{0 0} 0 0 0 0}}
2021/10/31 17:42:45 &{<nil> map[demo:0xc00039e060 hade:app:0xc000406730 hade:kernel:0xc0000a4028] map[demo:0xc00009e080 hade:app:0xc00040ac20 hade:kernel:0xc0000a4030] {{0 0} 0 0 0 0}}
2021/10/31 17:42:46 &{<nil> map[demo:0xc00039e060 hade:app:0xc000406730 hade:kernel:0xc0000a4028] map[demo:0xc00009e080 hade:app:0xc00040ac20 hade:kernel:0xc0000a4030] {{0 0} 0 0 0 0}}
2021/10/31 17:42:47 &{<nil> map[demo:0xc00039e060 hade:app:0xc000406730 hade:kernel:0xc0000a4028] map[demo:0xc00009e080 hade:app:0xc00040ac20 hade:kernel:0xc0000a4030] {{0 0} 0 0 0 0}}
2021/10/31 17:42:48 &{<nil> map[demo:0xc00039e060 hade:app:0xc000406730 hade:kernel:0xc0000a4028] map[demo:0xc00009e080 hade:app:0xc00040ac20 hade:kernel:0xc0000a4030] {{0 0} 0 0 0 0}}
2021/10/31 17:42:49 &{<nil> map[demo:0xc00039e060 hade:app:0xc000406730 hade:kernel:0xc0000a4028] map[demo:0xc00009e080 hade:app:0xc00040ac20 hade:kernel:0xc0000a4030] {{0 0} 0 0 0 0}}
2021/10/31 17:42:50 &{<nil> map[demo:0xc00039e060 hade:app:0xc000406730 hade:kernel:0xc0000a4028] map[demo:0xc00009e080 hade:app:0xc00040ac20 hade:kernel:0xc0000a4030] {{0 0} 0 0 0 0}}
2021/10/31 17:42:51 &{<nil> map[demo:0xc00039e060 hade:app:0xc000406730 hade:kernel:0xc0000a4028] map[demo:0xc00009e080 hade:app:0xc00040ac20 hade:kernel:0xc0000a4030] {{0 0} 0 0 0 0}}
2021/10/31 17:42:52 &{<nil> map[demo:0xc00039e060 hade:app:0xc000406730 hade:kernel:0xc0000a4028] map[demo:0xc00009e080 hade:app:0xc00040ac20 hade:kernel:0xc0000a4030] {{0 0} 0 0 0 0}}
2021/10/31 17:42:53 &{<nil> map[demo:0xc00039e060 hade:app:0xc000406730 hade:kernel:0xc0000a4028] map[demo:0xc00009e080 hade:app:0xc00040ac20 hade:kernel:0xc0000a4030] {{0 0} 0 0 0 0}}
2021/10/31 17:42:54 &{<nil> map[demo:0xc00039e060 hade:app:0xc000406730 hade:kernel:0xc0000a4028] map[demo:0xc00009e080 hade:app:0xc00040ac20 hade:kernel:0xc0000a4030] {{0 0} 0 0 0 0}}
2021/10/31 17:42:55 &{<nil> map[demo:0xc00039e060 hade:app:0xc000406730 hade:kernel:0xc0000a4028] map[demo:0xc00009e080 hade:app:0xc00040ac20 hade:kernel:0xc0000a4030] {{0 0} 0 0 0 0}}
2021/10/31 17:42:56 &{<nil> map[demo:0xc00039e060 hade:app:0xc000406730 hade:kernel:0xc0000a4028] map[demo:0xc00009e080 hade:app:0xc00040ac20 hade:kernel:0xc0000a4030] {{0 0} 0 0 0 0}}
2021/10/31 17:42:57 &{<nil> map[demo:0xc00039e060 hade:app:0xc000406730 hade:kernel:0xc0000a4028] map[demo:0xc00009e080 hade:app:0xc00040ac20 hade:kernel:0xc0000a4030] {{0 0} 0 0 0 0}}
2021/10/31 17:42:58 &{<nil> map[demo:0xc00039e060 hade:app:0xc000406730 hade:kernel:0xc0000a4028] map[demo:0xc00009e080 hade:app:0xc00040ac20 hade:kernel:0xc0000a4030] {{0 0} 0 0 0 0}}
2021/10/31 17:42:59 &{<nil> map[demo:0xc00039e060 hade:app:0xc000406730 hade:kernel:0xc0000a4028] map[demo:0xc00009e080 hade:app:0xc00040ac20 hade:kernel:0xc0000a4030] {{0 0} 0 0 0 0}}
2021/10/31 17:43:00 &{<nil> map[demo:0xc00039e060 hade:app:0xc000406730 hade:kernel:0xc0000a4028] map[demo:0xc00009e080 hade:app:0xc00040ac20 hade:kernel:0xc0000a4030] {{0 0} 0 0 0 0}}
2021/10/31 17:43:01 &{<nil> map[demo:0xc00039e060 hade:app:0xc000406730 hade:kernel:0xc0000a4028] map[demo:0xc00009e080 hade:app:0xc00040ac20 hade:kernel:0xc0000a4030] {{0 0} 0 0 0 0}}
2021/10/31 17:43:02 &{<nil> map[demo:0xc00039e060 hade:app:0xc000406730 hade:kernel:0xc0000a4028] map[demo:0xc00009e080 hade:app:0xc00040ac20 hade:kernel:0xc0000a4030] {{0 0} 0 0 0 0}}
2021/10/31 17:43:03 &{<nil> map[demo:0xc00039e060 hade:app:0xc000406730 hade:kernel:0xc0000a4028] map[demo:0xc00009e080 hade:app:0xc00040ac20 hade:kernel:0xc0000a4030] {{0 0} 0 0 0 0}}
2021/10/31 17:43:04 &{<nil> map[demo:0xc00039e060 hade:app:0xc000406730 hade:kernel:0xc0000a4028] map[demo:0xc00009e080 hade:app:0xc00040ac20 hade:kernel:0xc0000a4030] {{0 0} 0 0 0 0}}
2021/10/31 17:43:05 &{<nil> map[demo:0xc00039e060 hade:app:0xc000406730 hade:kernel:0xc0000a4028] map[demo:0xc00009e080 hade:app:0xc00040ac20 hade:kernel:0xc0000a4030] {{0 0} 0 0 0 0}}
2021/10/31 17:43:06 &{<nil> map[demo:0xc00039e060 hade:app:0xc000406730 hade:kernel:0xc0000a4028] map[demo:0xc00009e080 hade:app:0xc00040ac20 hade:kernel:0xc0000a4030] {{0 0} 0 0 0 0}}
2021/10/31 17:43:07 &{<nil> map[demo:0xc00039e060 hade:app:0xc000406730 hade:kernel:0xc0000a4028] map[demo:0xc00009e080 hade:app:0xc00040ac20 hade:kernel:0xc0000a4030] {{0 0} 0 0 0 0}}
2021/10/31 17:43:08 &{<nil> map[demo:0xc00039e060 hade:app:0xc000406730 hade:kernel:0xc0000a4028] map[demo:0xc00009e080 hade:app:0xc00040ac20 hade:kernel:0xc0000a4030] {{0 0} 0 0 0 0}}
2021/10/31 17:43:09 &{<nil> map[demo:0xc00039e060 hade:app:0xc000406730 hade:kernel:0xc0000a4028] map[demo:0xc00009e080 hade:app:0xc00040ac20 hade:kernel:0xc0000a4030] {{0 0} 0 0 0 0}}
2021/10/31 17:43:10 &{<nil> map[demo:0xc00039e060 hade:app:0xc000406730 hade:kernel:0xc0000a4028] map[demo:0xc00009e080 hade:app:0xc00040ac20 hade:kernel:0xc0000a4030] {{0 0} 0 0 0 0}}
2021/10/31 17:43:11 &{<nil> map[demo:0xc00039e060 hade:app:0xc000406730 hade:kernel:0xc0000a4028] map[demo:0xc00009e080 hade:app:0xc00040ac20 hade:kernel:0xc0000a4030] {{0 0} 0 0 0 0}}
2021/10/31 17:43:12 &{<nil> map[demo:0xc00039e060 hade:app:0xc000406730 hade:kernel:0xc0000a4028] map[demo:0xc00009e080 hade:app:0xc00040ac20 hade:kernel:0xc0000a4030] {{0 0} 0 0 0 0}}
2021/10/31 17:43:13 &{<nil> map[demo:0xc00039e060 hade:app:0xc000406730 hade:kernel:0xc0000a4028] map[demo:0xc00009e080 hade:app:0xc00040ac20 hade:kernel:0xc0000a4030] {{0 0} 0 0 0 0}}
2021/10/31 17:43:14 &{<nil> map[demo:0xc00039e060 hade:app:0xc000406730 hade:kernel:0xc0000a4028] map[demo:0xc00009e080 hade:app:0xc00040ac20 hade:kernel:0xc0000a4030] {{0 0} 0 0 0 0}}
2021/10/31 17:43:15 &{<nil> map[demo:0xc00039e060 hade:app:0xc000406730 hade:kernel:0xc0000a4028] map[demo:0xc00009e080 hade:app:0xc00040ac20 hade:kernel:0xc0000a4030] {{0 0} 0 0 0 0}}
2021/10/31 17:43:16 &{<nil> map[demo:0xc00039e060 hade:app:0xc000406730 hade:kernel:0xc0000a4028] map[demo:0xc00009e080 hade:app:0xc00040ac20 hade:kernel:0xc0000a4030] {{0 0} 0 0 0 0}}
2021/10/31 17:43:17 &{<nil> map[demo:0xc00039e060 hade:app:0xc000406730 hade:kernel:0xc0000a4028] map[demo:0xc00009e080 hade:app:0xc00040ac20 hade:kernel:0xc0000a4030] {{0 0} 0 0 0 0}}
2021/10/31 17:43:18 &{<nil> map[demo:0xc00039e060 hade:app:0xc000406730 hade:kernel:0xc0000a4028] map[demo:0xc00009e080 hade:app:0xc00040ac20 hade:kernel:0xc0000a4030] {{0 0} 0 0 0 0}}
2021/10/31 17:43:19 &{<nil> map[demo:0xc00039e060 hade:app:0xc000406730 hade:kernel:0xc0000a4028] map[demo:0xc00009e080 hade:app:0xc00040ac20 hade:kernel:0xc0000a4030] {{0 0} 0 0 0 0}}
2021/10/31 17:43:20 &{<nil> map[demo:0xc00039e060 hade:app:0xc000406730 hade:kernel:0xc0000a4028] map[demo:0xc00009e080 hade:app:0xc00040ac20 hade:kernel:0xc0000a4030] {{0 0} 0 0 0 0}}
2021/10/31 17:43:21 &{<nil> map[demo:0xc00039e060 hade:app:0xc000406730 hade:kernel:0xc0000a4028] map[demo:0xc00009e080 hade:app:0xc00040ac20 hade:kernel:0xc0000a4030] {{0 0} 0 0 0 0}}
container(0xc000194700): after bind key(hade:app), Providers = [hade:app]
container(0xc000194700): after bind key(hade:distributed), Providers = [hade:app hade:distributed]
gin.Engine Bind() container(0xc000194700) provider(&{<nil> <nil>})
container(0xc000194700): after bind key(demo), Providers = [demo hade:app hade:distributed]
container(0xc000194700): after bind key(hade:kernel), Providers = [hade:app hade:distributed demo hade:kernel]
container(0xc000194700): make key(hade:app), Providers = [hade:app hade:distributed demo hade:kernel]
container(0xc000194700): make key(hade:distributed), Providers = [demo hade:kernel hade:app hade:distributed]
container(0xc000194700): make key(hade:app), Providers = [hade:distributed demo hade:kernel hade:app]
daemon started
container(0xc000194700): make key(hade:app), Providers = [hade:app hade:distributed demo hade:kernel]
2021/10/31 19:23:25 <nil>
container(0xc000194700): make key(hade:app), Providers = [hade:kernel hade:app hade:distributed demo]
container(0xc000194700): make key(hade:app), Providers = [hade:app hade:distributed demo hade:kernel]
2021/10/31 19:23:35 <nil>
