2022-12-02 14:41:14 [INFO] - Neither @ContextConfiguration nor @ContextHierarchy found for test class [com.vincent.test.MyTest], using SpringBootContextLoader
2022-12-02 14:41:14 [INFO] - Could not detect default resource locations for test class [com.vincent.test.MyTest]: no resource found for suffixes {-context.xml, Context.groovy}.
2022-12-02 14:41:14 [INFO] - Could not detect default configuration classes for test class [com.vincent.test.MyTest]: MyTest does not declare any static, non-private, non-final, nested classes annotated with @Configuration.
2022-12-02 14:41:14 [INFO] - Found @SpringBootConfiguration com.vincent.Application for test class com.vincent.test.MyTest
2022-12-02 14:41:15 [INFO] - Loaded default TestExecutionListener class names from location [META-INF/spring.factories]: [org.springframework.boot.test.mock.mockito.MockitoTestExecutionListener, org.springframework.boot.test.mock.mockito.ResetMocksTestExecutionListener, org.springframework.boot.test.autoconfigure.restdocs.RestDocsTestExecutionListener, org.springframework.boot.test.autoconfigure.web.client.MockRestServiceServerResetTestExecutionListener, org.springframework.boot.test.autoconfigure.web.servlet.MockMvcPrintOnlyOnFailureTestExecutionListener, org.springframework.boot.test.autoconfigure.web.servlet.WebDriverTestExecutionListener, org.springframework.boot.test.autoconfigure.webservices.client.MockWebServiceServerTestExecutionListener, org.springframework.test.context.web.ServletTestExecutionListener, org.springframework.test.context.support.DirtiesContextBeforeModesTestExecutionListener, org.springframework.test.context.event.ApplicationEventsTestExecutionListener, org.springframework.test.context.support.DependencyInjectionTestExecutionListener, org.springframework.test.context.support.DirtiesContextTestExecutionListener, org.springframework.test.context.transaction.TransactionalTestExecutionListener, org.springframework.test.context.jdbc.SqlScriptsTestExecutionListener, org.springframework.test.context.event.EventPublishingTestExecutionListener]
2022-12-02 14:41:15 [INFO] - Using TestExecutionListeners: [org.springframework.test.context.web.ServletTestExecutionListener@471a9022, org.springframework.test.context.support.DirtiesContextBeforeModesTestExecutionListener@dc9876b, org.springframework.test.context.event.ApplicationEventsTestExecutionListener@2f666ebb, org.springframework.boot.test.mock.mockito.MockitoTestExecutionListener@19976a65, org.springframework.boot.test.autoconfigure.SpringBootDependencyInjectionTestExecutionListener@a1f72f5, org.springframework.test.context.support.DirtiesContextTestExecutionListener@4b2c5e02, org.springframework.test.context.transaction.TransactionalTestExecutionListener@57a3e26a, org.springframework.test.context.jdbc.SqlScriptsTestExecutionListener@75c56eb9, org.springframework.test.context.event.EventPublishingTestExecutionListener@4bc222e, org.springframework.boot.test.mock.mockito.ResetMocksTestExecutionListener@2dc9b0f5, org.springframework.boot.test.autoconfigure.restdocs.RestDocsTestExecutionListener@6531a794, org.springframework.boot.test.autoconfigure.web.client.MockRestServiceServerResetTestExecutionListener@3b5fad2d, org.springframework.boot.test.autoconfigure.web.servlet.MockMvcPrintOnlyOnFailureTestExecutionListener@5e17553a, org.springframework.boot.test.autoconfigure.web.servlet.WebDriverTestExecutionListener@3eb91815, org.springframework.boot.test.autoconfigure.webservices.client.MockWebServiceServerTestExecutionListener@56dc1551]
2022-12-02 14:41:15 [INFO] - Starting MyTest using Java 1.8.0_191 on bj-m-217315a-2.local with PID 33936 (started by mingzhe8 in /Users/mingzhe8/Documents/innovation/go_proj_exercise/vincent/go-forward/java_proj/vincent-springboot-starter)
2022-12-02 14:41:15 [INFO] - The following profiles are active: dev
2022-12-02 14:41:15 [INFO] - HV000001: Hibernate Validator 6.2.0.Final
2022-12-02 14:41:16 [WARN] - No MyBatis mapper was found in '[com.vincent]' package. Please check your configuration.
2022-12-02 14:41:17 [INFO] - Init DruidDataSource
2022-12-02 14:41:17 [INFO] - {dataSource-1} inited
2022-12-02 14:41:18 [INFO] - Adding welcome page: class path resource [static/index.html]
2022-12-02 14:41:19 [INFO] - Clear tk.mybatis.mapper.util.MsUtil CLASS_CACHE cache.
2022-12-02 14:41:19 [INFO] - Clear tk.mybatis.mapper.genid.GenIdUtil CACHE cache.
2022-12-02 14:41:19 [INFO] - Clear tk.mybatis.mapper.version.VersionUtil CACHE cache.
2022-12-02 14:41:19 [INFO] - Clear EntityHelper entityTableMap cache.
2022-12-02 14:41:19 [INFO] - Exposing 1 endpoint(s) beneath base path '/actuator'
2022-12-02 14:41:19 [INFO] - Started MyTest in 4.457 seconds (JVM running for 5.95)
2022-12-02 14:41:19 [INFO] - Application availability state LivenessState changed to CORRECT
2022-12-02 14:41:19 [INFO] - Application availability state ReadinessState changed to ACCEPTING_TRAFFIC
2022-12-02 14:42:30 [INFO] - Neither @ContextConfiguration nor @ContextHierarchy found for test class [com.vincent.test.MyTest], using SpringBootContextLoader
2022-12-02 14:42:31 [INFO] - Could not detect default resource locations for test class [com.vincent.test.MyTest]: no resource found for suffixes {-context.xml, Context.groovy}.
2022-12-02 14:42:31 [INFO] - Could not detect default configuration classes for test class [com.vincent.test.MyTest]: MyTest does not declare any static, non-private, non-final, nested classes annotated with @Configuration.
2022-12-02 14:42:31 [INFO] - Found @SpringBootConfiguration com.vincent.Application for test class com.vincent.test.MyTest
2022-12-02 14:42:31 [INFO] - Loaded default TestExecutionListener class names from location [META-INF/spring.factories]: [org.springframework.boot.test.mock.mockito.MockitoTestExecutionListener, org.springframework.boot.test.mock.mockito.ResetMocksTestExecutionListener, org.springframework.boot.test.autoconfigure.restdocs.RestDocsTestExecutionListener, org.springframework.boot.test.autoconfigure.web.client.MockRestServiceServerResetTestExecutionListener, org.springframework.boot.test.autoconfigure.web.servlet.MockMvcPrintOnlyOnFailureTestExecutionListener, org.springframework.boot.test.autoconfigure.web.servlet.WebDriverTestExecutionListener, org.springframework.boot.test.autoconfigure.webservices.client.MockWebServiceServerTestExecutionListener, org.springframework.test.context.web.ServletTestExecutionListener, org.springframework.test.context.support.DirtiesContextBeforeModesTestExecutionListener, org.springframework.test.context.event.ApplicationEventsTestExecutionListener, org.springframework.test.context.support.DependencyInjectionTestExecutionListener, org.springframework.test.context.support.DirtiesContextTestExecutionListener, org.springframework.test.context.transaction.TransactionalTestExecutionListener, org.springframework.test.context.jdbc.SqlScriptsTestExecutionListener, org.springframework.test.context.event.EventPublishingTestExecutionListener]
2022-12-02 14:42:31 [INFO] - Using TestExecutionListeners: [org.springframework.test.context.web.ServletTestExecutionListener@19976a65, org.springframework.test.context.support.DirtiesContextBeforeModesTestExecutionListener@a1f72f5, org.springframework.test.context.event.ApplicationEventsTestExecutionListener@4b2c5e02, org.springframework.boot.test.mock.mockito.MockitoTestExecutionListener@57a3e26a, org.springframework.boot.test.autoconfigure.SpringBootDependencyInjectionTestExecutionListener@75c56eb9, org.springframework.test.context.support.DirtiesContextTestExecutionListener@4bc222e, org.springframework.test.context.transaction.TransactionalTestExecutionListener@2dc9b0f5, org.springframework.test.context.jdbc.SqlScriptsTestExecutionListener@6531a794, org.springframework.test.context.event.EventPublishingTestExecutionListener@3b5fad2d, org.springframework.boot.test.mock.mockito.ResetMocksTestExecutionListener@5e17553a, org.springframework.boot.test.autoconfigure.restdocs.RestDocsTestExecutionListener@3eb91815, org.springframework.boot.test.autoconfigure.web.client.MockRestServiceServerResetTestExecutionListener@56dc1551, org.springframework.boot.test.autoconfigure.web.servlet.MockMvcPrintOnlyOnFailureTestExecutionListener@102cec62, org.springframework.boot.test.autoconfigure.web.servlet.WebDriverTestExecutionListener@74f6c5d8, org.springframework.boot.test.autoconfigure.webservices.client.MockWebServiceServerTestExecutionListener@27912e3]
2022-12-02 14:42:32 [INFO] - Starting MyTest using Java 1.8.0_191 on bj-m-217315a-2.local with PID 34050 (started by mingzhe8 in /Users/mingzhe8/Documents/innovation/go_proj_exercise/vincent/go-forward/java_proj/vincent-springboot-starter)
2022-12-02 14:42:32 [INFO] - The following profiles are active: dev
2022-12-02 14:42:32 [INFO] - HV000001: Hibernate Validator 6.2.0.Final
2022-12-02 14:42:33 [WARN] - No MyBatis mapper was found in '[com.vincent]' package. Please check your configuration.
2022-12-02 14:42:34 [INFO] - Init DruidDataSource
2022-12-02 14:42:34 [INFO] - {dataSource-1} inited
2022-12-02 14:42:35 [INFO] - Adding welcome page: class path resource [static/index.html]
2022-12-02 14:42:36 [INFO] - Clear tk.mybatis.mapper.util.MsUtil CLASS_CACHE cache.
2022-12-02 14:42:36 [INFO] - Clear tk.mybatis.mapper.genid.GenIdUtil CACHE cache.
2022-12-02 14:42:36 [INFO] - Clear tk.mybatis.mapper.version.VersionUtil CACHE cache.
2022-12-02 14:42:36 [INFO] - Clear EntityHelper entityTableMap cache.
2022-12-02 14:42:36 [INFO] - Exposing 1 endpoint(s) beneath base path '/actuator'
2022-12-02 14:42:36 [INFO] - Started MyTest in 5.005 seconds (JVM running for 7.488)
2022-12-02 14:42:36 [INFO] - Application availability state LivenessState changed to CORRECT
2022-12-02 14:42:36 [INFO] - Application availability state ReadinessState changed to ACCEPTING_TRAFFIC
2022-12-02 14:43:53 [INFO] - Neither @ContextConfiguration nor @ContextHierarchy found for test class [com.vincent.test.MyTest], using SpringBootContextLoader
2022-12-02 14:43:53 [INFO] - Could not detect default resource locations for test class [com.vincent.test.MyTest]: no resource found for suffixes {-context.xml, Context.groovy}.
2022-12-02 14:43:53 [INFO] - Could not detect default configuration classes for test class [com.vincent.test.MyTest]: MyTest does not declare any static, non-private, non-final, nested classes annotated with @Configuration.
2022-12-02 14:43:53 [INFO] - Found @SpringBootConfiguration com.vincent.Application for test class com.vincent.test.MyTest
2022-12-02 14:43:53 [INFO] - Loaded default TestExecutionListener class names from location [META-INF/spring.factories]: [org.springframework.boot.test.mock.mockito.MockitoTestExecutionListener, org.springframework.boot.test.mock.mockito.ResetMocksTestExecutionListener, org.springframework.boot.test.autoconfigure.restdocs.RestDocsTestExecutionListener, org.springframework.boot.test.autoconfigure.web.client.MockRestServiceServerResetTestExecutionListener, org.springframework.boot.test.autoconfigure.web.servlet.MockMvcPrintOnlyOnFailureTestExecutionListener, org.springframework.boot.test.autoconfigure.web.servlet.WebDriverTestExecutionListener, org.springframework.boot.test.autoconfigure.webservices.client.MockWebServiceServerTestExecutionListener, org.springframework.test.context.web.ServletTestExecutionListener, org.springframework.test.context.support.DirtiesContextBeforeModesTestExecutionListener, org.springframework.test.context.event.ApplicationEventsTestExecutionListener, org.springframework.test.context.support.DependencyInjectionTestExecutionListener, org.springframework.test.context.support.DirtiesContextTestExecutionListener, org.springframework.test.context.transaction.TransactionalTestExecutionListener, org.springframework.test.context.jdbc.SqlScriptsTestExecutionListener, org.springframework.test.context.event.EventPublishingTestExecutionListener]
2022-12-02 14:43:53 [INFO] - Using TestExecutionListeners: [org.springframework.test.context.web.ServletTestExecutionListener@27912e3, org.springframework.test.context.support.DirtiesContextBeforeModesTestExecutionListener@34b9f960, org.springframework.test.context.event.ApplicationEventsTestExecutionListener@43015c69, org.springframework.boot.test.mock.mockito.MockitoTestExecutionListener@19b89d4, org.springframework.boot.test.autoconfigure.SpringBootDependencyInjectionTestExecutionListener@4bbf6d0e, org.springframework.test.context.support.DirtiesContextTestExecutionListener@30b6ffe0, org.springframework.test.context.transaction.TransactionalTestExecutionListener@791d1f8b, org.springframework.test.context.jdbc.SqlScriptsTestExecutionListener@2415fc55, org.springframework.test.context.event.EventPublishingTestExecutionListener@14f232c4, org.springframework.boot.test.mock.mockito.ResetMocksTestExecutionListener@13bc8645, org.springframework.boot.test.autoconfigure.restdocs.RestDocsTestExecutionListener@24c22fe, org.springframework.boot.test.autoconfigure.web.client.MockRestServiceServerResetTestExecutionListener@93081b6, org.springframework.boot.test.autoconfigure.web.servlet.MockMvcPrintOnlyOnFailureTestExecutionListener@cd1e646, org.springframework.boot.test.autoconfigure.web.servlet.WebDriverTestExecutionListener@7ba8c737, org.springframework.boot.test.autoconfigure.webservices.client.MockWebServiceServerTestExecutionListener@1890516e]
2022-12-02 14:43:53 [INFO] - Starting MyTest using Java 1.8.0_191 on bj-m-217315a-2.local with PID 34149 (started by mingzhe8 in /Users/mingzhe8/Documents/innovation/go_proj_exercise/vincent/go-forward/java_proj/vincent-springboot-starter)
2022-12-02 14:43:53 [INFO] - The following profiles are active: dev
2022-12-02 14:43:53 [INFO] - HV000001: Hibernate Validator 6.2.0.Final
2022-12-02 14:43:54 [WARN] - For Jackson Kotlin classes support please add "com.fasterxml.jackson.module:jackson-module-kotlin" to the classpath
2022-12-02 14:43:54 [WARN] - No MyBatis mapper was found in '[com.vincent]' package. Please check your configuration.
2022-12-02 14:43:55 [INFO] - Init DruidDataSource
2022-12-02 14:43:55 [INFO] - {dataSource-1} inited
2022-12-02 14:43:56 [INFO] - Adding welcome page: class path resource [static/index.html]
2022-12-02 14:43:56 [INFO] - Clear tk.mybatis.mapper.util.MsUtil CLASS_CACHE cache.
2022-12-02 14:43:56 [INFO] - Clear tk.mybatis.mapper.genid.GenIdUtil CACHE cache.
2022-12-02 14:43:56 [INFO] - Clear tk.mybatis.mapper.version.VersionUtil CACHE cache.
2022-12-02 14:43:56 [INFO] - Clear EntityHelper entityTableMap cache.
2022-12-02 14:43:57 [INFO] - Exposing 1 endpoint(s) beneath base path '/actuator'
2022-12-02 14:43:57 [INFO] - Started MyTest in 4.21 seconds (JVM running for 5.339)
2022-12-02 14:43:57 [INFO] - Application availability state LivenessState changed to CORRECT
2022-12-02 14:43:57 [INFO] - Application availability state ReadinessState changed to ACCEPTING_TRAFFIC
2022-12-02 14:50:57 [INFO] - Neither @ContextConfiguration nor @ContextHierarchy found for test class [com.vincent.test.MyTest], using SpringBootContextLoader
2022-12-02 14:50:57 [INFO] - Could not detect default resource locations for test class [com.vincent.test.MyTest]: no resource found for suffixes {-context.xml, Context.groovy}.
2022-12-02 14:50:57 [INFO] - Could not detect default configuration classes for test class [com.vincent.test.MyTest]: MyTest does not declare any static, non-private, non-final, nested classes annotated with @Configuration.
2022-12-02 14:50:57 [INFO] - Found @SpringBootConfiguration com.vincent.Application for test class com.vincent.test.MyTest
2022-12-02 14:50:57 [INFO] - Loaded default TestExecutionListener class names from location [META-INF/spring.factories]: [org.springframework.boot.test.mock.mockito.MockitoTestExecutionListener, org.springframework.boot.test.mock.mockito.ResetMocksTestExecutionListener, org.springframework.boot.test.autoconfigure.restdocs.RestDocsTestExecutionListener, org.springframework.boot.test.autoconfigure.web.client.MockRestServiceServerResetTestExecutionListener, org.springframework.boot.test.autoconfigure.web.servlet.MockMvcPrintOnlyOnFailureTestExecutionListener, org.springframework.boot.test.autoconfigure.web.servlet.WebDriverTestExecutionListener, org.springframework.boot.test.autoconfigure.webservices.client.MockWebServiceServerTestExecutionListener, org.springframework.test.context.web.ServletTestExecutionListener, org.springframework.test.context.support.DirtiesContextBeforeModesTestExecutionListener, org.springframework.test.context.event.ApplicationEventsTestExecutionListener, org.springframework.test.context.support.DependencyInjectionTestExecutionListener, org.springframework.test.context.support.DirtiesContextTestExecutionListener, org.springframework.test.context.transaction.TransactionalTestExecutionListener, org.springframework.test.context.jdbc.SqlScriptsTestExecutionListener, org.springframework.test.context.event.EventPublishingTestExecutionListener]
2022-12-02 14:50:57 [INFO] - Using TestExecutionListeners: [org.springframework.test.context.web.ServletTestExecutionListener@27912e3, org.springframework.test.context.support.DirtiesContextBeforeModesTestExecutionListener@34b9f960, org.springframework.test.context.event.ApplicationEventsTestExecutionListener@43015c69, org.springframework.boot.test.mock.mockito.MockitoTestExecutionListener@19b89d4, org.springframework.boot.test.autoconfigure.SpringBootDependencyInjectionTestExecutionListener@4bbf6d0e, org.springframework.test.context.support.DirtiesContextTestExecutionListener@30b6ffe0, org.springframework.test.context.transaction.TransactionalTestExecutionListener@791d1f8b, org.springframework.test.context.jdbc.SqlScriptsTestExecutionListener@2415fc55, org.springframework.test.context.event.EventPublishingTestExecutionListener@14f232c4, org.springframework.boot.test.mock.mockito.ResetMocksTestExecutionListener@13bc8645, org.springframework.boot.test.autoconfigure.restdocs.RestDocsTestExecutionListener@24c22fe, org.springframework.boot.test.autoconfigure.web.client.MockRestServiceServerResetTestExecutionListener@93081b6, org.springframework.boot.test.autoconfigure.web.servlet.MockMvcPrintOnlyOnFailureTestExecutionListener@cd1e646, org.springframework.boot.test.autoconfigure.web.servlet.WebDriverTestExecutionListener@7ba8c737, org.springframework.boot.test.autoconfigure.webservices.client.MockWebServiceServerTestExecutionListener@1890516e]
2022-12-02 14:50:58 [INFO] - Starting MyTest using Java 1.8.0_191 on bj-m-217315a with PID 34463 (started by mingzhe8 in /Users/mingzhe8/Documents/innovation/go_proj_exercise/vincent/go-forward/java_proj/vincent-springboot-starter)
2022-12-02 14:50:58 [INFO] - The following profiles are active: dev
2022-12-02 14:50:58 [INFO] - HV000001: Hibernate Validator 6.2.0.Final
2022-12-02 14:50:58 [WARN] - For Jackson Kotlin classes support please add "com.fasterxml.jackson.module:jackson-module-kotlin" to the classpath
2022-12-02 14:50:59 [WARN] - No MyBatis mapper was found in '[com.vincent]' package. Please check your configuration.
2022-12-02 14:50:59 [INFO] - Init DruidDataSource
2022-12-02 14:51:00 [INFO] - {dataSource-1} inited
2022-12-02 14:51:01 [INFO] - Adding welcome page: class path resource [static/index.html]
2022-12-02 14:51:01 [INFO] - Clear tk.mybatis.mapper.util.MsUtil CLASS_CACHE cache.
2022-12-02 14:51:01 [INFO] - Clear tk.mybatis.mapper.genid.GenIdUtil CACHE cache.
2022-12-02 14:51:01 [INFO] - Clear tk.mybatis.mapper.version.VersionUtil CACHE cache.
2022-12-02 14:51:01 [INFO] - Clear EntityHelper entityTableMap cache.
2022-12-02 14:51:02 [INFO] - Exposing 1 endpoint(s) beneath base path '/actuator'
2022-12-02 14:51:02 [INFO] - Started MyTest in 4.119 seconds (JVM running for 5.568)
2022-12-02 14:51:02 [INFO] - Application availability state LivenessState changed to CORRECT
2022-12-02 14:51:02 [INFO] - Application availability state ReadinessState changed to ACCEPTING_TRAFFIC
